<?xml version="1.0" encoding="UTF-8"?>
<testsuite name="com.bughunters.eurekaserver.EurekaServerApplicationTests" tests="1" skipped="0" failures="0" errors="0" timestamp="2025-09-30T21:00:04.977Z" hostname="DESKTOP-29UHVL9" time="0.483">
  <properties/>
  <testcase name="contextLoads()" classname="com.bughunters.eurekaserver.EurekaServerApplicationTests" time="0.483"/>
  <system-out><![CDATA[06:00:01.452 [Test worker] INFO org.springframework.test.context.support.AnnotationConfigContextLoaderUtils -- Could not detect default configuration classes for test class [com.bughunters.eurekaserver.EurekaServerApplicationTests]: EurekaServerApplicationTests does not declare any static, non-private, non-final, nested classes annotated with @Configuration.
06:00:01.528 [Test worker] INFO org.springframework.boot.test.context.SpringBootTestContextBootstrapper -- Found @SpringBootConfiguration com.bughunters.eurekaserver.EurekaServerApplication for test class com.bughunters.eurekaserver.EurekaServerApplicationTests

  .   ____          _            __ _ _
 /\\ / ___'_ __ _ _(_)_ __  __ _ \ \ \ \
( ( )\___ | '_ | '_| | '_ \/ _` | \ \ \ \
 \\/  ___)| |_)| | | | | || (_| |  ) ) ) )
  '  |____| .__|_| |_|_| |_\__, | / / / /
 =========|_|==============|___/=/_/_/_/

 :: Spring Boot ::                (v3.5.6)

2025-10-01T06:00:01.979+09:00  INFO 57836 --- [    Test worker] c.b.e.EurekaServerApplicationTests       : Starting EurekaServerApplicationTests using Java 17.0.2 with PID 57836 (started by use in D:\BootCamp\project\MountainSpirit\4_eureka-server)
2025-10-01T06:00:01.983+09:00  INFO 57836 --- [    Test worker] c.b.e.EurekaServerApplicationTests       : No active profile set, falling back to 1 default profile: "default"
2025-10-01T06:00:02.788+09:00  INFO 57836 --- [    Test worker] o.s.cloud.context.scope.GenericScope     : BeanFactory id=16e81a07-969a-39c2-af38-9b3fcf16732d
2025-10-01T06:00:03.443+09:00  INFO 57836 --- [    Test worker] o.s.v.b.OptionalValidatorFactoryBean     : Failed to set up a Bean Validation provider: jakarta.validation.NoProviderFoundException: Unable to create a Configuration, because no Jakarta Bean Validation provider could be found. Add a provider like Hibernate Validator (RI) to your classpath.
2025-10-01T06:00:04.455+09:00  WARN 57836 --- [    Test worker] iguration$LoadBalancerCaffeineWarnLogger : Spring Cloud LoadBalancer is currently working with the default cache. While this cache implementation is useful for development and tests, it's recommended to use Caffeine cache in production.You can switch to using Caffeine cache, by adding it and org.springframework.cache.caffeine.CaffeineCacheManager to the classpath.
2025-10-01T06:00:04.598+09:00  INFO 57836 --- [    Test worker] o.s.c.n.eureka.InstanceInfoFactory       : Setting initial instance status as: STARTING
2025-10-01T06:00:04.618+09:00  INFO 57836 --- [    Test worker] com.netflix.discovery.DiscoveryClient    : Initializing Eureka in region us-east-1
2025-10-01T06:00:04.619+09:00  INFO 57836 --- [    Test worker] com.netflix.discovery.DiscoveryClient    : Client configured to neither register nor query for data.
2025-10-01T06:00:04.621+09:00  INFO 57836 --- [    Test worker] com.netflix.discovery.DiscoveryClient    : Discovery Client initialized at timestamp 1759266004620 with initial instances count: 0
2025-10-01T06:00:04.653+09:00  INFO 57836 --- [    Test worker] c.n.eureka.DefaultEurekaServerContext    : Initializing ...
2025-10-01T06:00:04.655+09:00  INFO 57836 --- [    Test worker] c.n.eureka.cluster.PeerEurekaNodes       : Adding new peer nodes [http://localhost:8761/eureka/]
2025-10-01T06:00:04.750+09:00  INFO 57836 --- [    Test worker] c.n.d.provider.DiscoveryJerseyProvider   : Using JSON encoding codec LegacyJacksonJson
2025-10-01T06:00:04.751+09:00  INFO 57836 --- [    Test worker] c.n.d.provider.DiscoveryJerseyProvider   : Using JSON decoding codec LegacyJacksonJson
2025-10-01T06:00:04.751+09:00  INFO 57836 --- [    Test worker] c.n.d.provider.DiscoveryJerseyProvider   : Using XML encoding codec XStreamXml
2025-10-01T06:00:04.751+09:00  INFO 57836 --- [    Test worker] c.n.d.provider.DiscoveryJerseyProvider   : Using XML decoding codec XStreamXml
2025-10-01T06:00:04.798+09:00  INFO 57836 --- [    Test worker] c.n.eureka.cluster.PeerEurekaNodes       : Replica node URL:  http://localhost:8761/eureka/
2025-10-01T06:00:04.804+09:00  INFO 57836 --- [    Test worker] c.n.e.registry.AbstractInstanceRegistry  : Finished initializing remote region registries. All known remote regions: []
2025-10-01T06:00:04.804+09:00  INFO 57836 --- [    Test worker] c.n.eureka.DefaultEurekaServerContext    : Initialized
2025-10-01T06:00:04.865+09:00  INFO 57836 --- [    Test worker] o.s.b.a.e.web.EndpointLinksResolver      : Exposing 1 endpoint beneath base path '/actuator'
2025-10-01T06:00:04.915+09:00  INFO 57836 --- [    Test worker] o.s.c.n.e.s.EurekaServiceRegistry        : Registering application UNKNOWN with eureka with status UP
2025-10-01T06:00:04.929+09:00  INFO 57836 --- [    Test worker] c.b.e.EurekaServerApplicationTests       : Started EurekaServerApplicationTests in 3.242 seconds (process running for 4.117)
2025-10-01T06:00:04.931+09:00  INFO 57836 --- [      Thread-12] o.s.c.n.e.server.EurekaServerBootstrap   : isAws returned false
2025-10-01T06:00:04.931+09:00  INFO 57836 --- [      Thread-12] o.s.c.n.e.server.EurekaServerBootstrap   : Initialized server context
2025-10-01T06:00:04.931+09:00  INFO 57836 --- [      Thread-12] c.n.e.r.PeerAwareInstanceRegistryImpl    : Got 1 instances from neighboring DS node
2025-10-01T06:00:04.932+09:00  INFO 57836 --- [      Thread-12] c.n.e.r.PeerAwareInstanceRegistryImpl    : Renew threshold is: 1
2025-10-01T06:00:04.932+09:00  INFO 57836 --- [      Thread-12] c.n.e.r.PeerAwareInstanceRegistryImpl    : Changing status to UP
2025-10-01T06:00:04.934+09:00  INFO 57836 --- [      Thread-12] e.s.EurekaServerInitializerConfiguration : Started Eureka Server
]]></system-out>
  <system-err><![CDATA[]]></system-err>
</testsuite>
