<?xml version="1.0" encoding="UTF-8"?>
<testsuite name="com.bughunters.eurekaserver.EurekaServerApplicationTests" tests="1" skipped="0" failures="0" errors="0" timestamp="2025-09-30T09:40:43.902Z" hostname="DESKTOP-H996DDA" time="0.786">
  <properties/>
  <testcase name="contextLoads()" classname="com.bughunters.eurekaserver.EurekaServerApplicationTests" time="0.786"/>
  <system-out><![CDATA[18:40:36.337 [Test worker] INFO org.springframework.test.context.support.AnnotationConfigContextLoaderUtils -- Could not detect default configuration classes for test class [com.bughunters.eurekaserver.EurekaServerApplicationTests]: EurekaServerApplicationTests does not declare any static, non-private, non-final, nested classes annotated with @Configuration.
18:40:36.535 [Test worker] INFO org.springframework.boot.test.context.SpringBootTestContextBootstrapper -- Found @SpringBootConfiguration com.bughunters.eurekaserver.EurekaServerApplication for test class com.bughunters.eurekaserver.EurekaServerApplicationTests

  .   ____          _            __ _ _
 /\\ / ___'_ __ _ _(_)_ __  __ _ \ \ \ \
( ( )\___ | '_ | '_| | '_ \/ _` | \ \ \ \
 \\/  ___)| |_)| | | | | || (_| |  ) ) ) )
  '  |____| .__|_| |_|_| |_\__, | / / / /
 =========|_|==============|___/=/_/_/_/

 :: Spring Boot ::                (v3.5.6)

2025-09-30T18:40:38.393+09:00  INFO 15068 --- [    Test worker] c.b.e.EurekaServerApplicationTests       : Starting EurekaServerApplicationTests using Java 17.0.3 with PID 15068 (started by Playdata in C:\Users\Playdata\Desktop\Team_project\02MountainSpirit\MountainSpirit\4_eureka-server)
2025-09-30T18:40:38.395+09:00  INFO 15068 --- [    Test worker] c.b.e.EurekaServerApplicationTests       : No active profile set, falling back to 1 default profile: "default"
2025-09-30T18:40:39.590+09:00  INFO 15068 --- [    Test worker] o.s.cloud.context.scope.GenericScope     : BeanFactory id=16e81a07-969a-39c2-af38-9b3fcf16732d
2025-09-30T18:40:40.088+09:00  INFO 15068 --- [    Test worker] o.s.v.b.OptionalValidatorFactoryBean     : Failed to set up a Bean Validation provider: jakarta.validation.NoProviderFoundException: Unable to create a Configuration, because no Jakarta Bean Validation provider could be found. Add a provider like Hibernate Validator (RI) to your classpath.
2025-09-30T18:40:41.612+09:00  INFO 15068 --- [    Test worker] o.s.cloud.commons.util.InetUtils         : Cannot determine local hostname
2025-09-30T18:40:43.179+09:00  INFO 15068 --- [    Test worker] o.s.cloud.commons.util.InetUtils         : Cannot determine local hostname
2025-09-30T18:40:43.265+09:00  WARN 15068 --- [    Test worker] iguration$LoadBalancerCaffeineWarnLogger : Spring Cloud LoadBalancer is currently working with the default cache. While this cache implementation is useful for development and tests, it's recommended to use Caffeine cache in production.You can switch to using Caffeine cache, by adding it and org.springframework.cache.caffeine.CaffeineCacheManager to the classpath.
2025-09-30T18:40:43.531+09:00  INFO 15068 --- [    Test worker] o.s.c.n.eureka.InstanceInfoFactory       : Setting initial instance status as: STARTING
2025-09-30T18:40:43.562+09:00  INFO 15068 --- [    Test worker] com.netflix.discovery.DiscoveryClient    : Initializing Eureka in region us-east-1
2025-09-30T18:40:43.563+09:00  INFO 15068 --- [    Test worker] com.netflix.discovery.DiscoveryClient    : Client configured to neither register nor query for data.
2025-09-30T18:40:43.566+09:00  INFO 15068 --- [    Test worker] com.netflix.discovery.DiscoveryClient    : Discovery Client initialized at timestamp 1759225243565 with initial instances count: 0
2025-09-30T18:40:43.622+09:00  INFO 15068 --- [    Test worker] c.n.eureka.DefaultEurekaServerContext    : Initializing ...
2025-09-30T18:40:43.624+09:00  WARN 15068 --- [    Test worker] c.n.eureka.cluster.PeerEurekaNodes       : The replica size seems to be empty. Check the route 53 DNS Registry
2025-09-30T18:40:43.634+09:00  INFO 15068 --- [    Test worker] c.n.e.registry.AbstractInstanceRegistry  : Finished initializing remote region registries. All known remote regions: []
2025-09-30T18:40:43.634+09:00  INFO 15068 --- [    Test worker] c.n.eureka.DefaultEurekaServerContext    : Initialized
2025-09-30T18:40:43.753+09:00  INFO 15068 --- [    Test worker] o.s.b.a.e.web.EndpointLinksResolver      : Exposing 1 endpoint beneath base path '/actuator'
2025-09-30T18:40:43.814+09:00  INFO 15068 --- [    Test worker] o.s.c.n.e.s.EurekaServiceRegistry        : Registering application UNKNOWN with eureka with status UP
2025-09-30T18:40:43.825+09:00  INFO 15068 --- [      Thread-13] o.s.c.n.e.server.EurekaServerBootstrap   : isAws returned false
2025-09-30T18:40:43.827+09:00  INFO 15068 --- [      Thread-13] o.s.c.n.e.server.EurekaServerBootstrap   : Initialized server context
2025-09-30T18:40:43.827+09:00  INFO 15068 --- [      Thread-13] c.n.e.r.PeerAwareInstanceRegistryImpl    : Got 1 instances from neighboring DS node
2025-09-30T18:40:43.827+09:00  INFO 15068 --- [      Thread-13] c.n.e.r.PeerAwareInstanceRegistryImpl    : Renew threshold is: 1
2025-09-30T18:40:43.827+09:00  INFO 15068 --- [      Thread-13] c.n.e.r.PeerAwareInstanceRegistryImpl    : Changing status to UP
2025-09-30T18:40:43.831+09:00  INFO 15068 --- [      Thread-13] e.s.EurekaServerInitializerConfiguration : Started Eureka Server
2025-09-30T18:40:43.833+09:00  INFO 15068 --- [    Test worker] c.b.e.EurekaServerApplicationTests       : Started EurekaServerApplicationTests in 6.965 seconds (process running for 8.48)
]]></system-out>
  <system-err><![CDATA[]]></system-err>
</testsuite>
